# JRE version: OpenJDK Runtime Environment Temurin-21.0.11+10 (21.0.11+10) (build 21.0.11+10-LTS)
# Java VM: OpenJDK 64-Bit Server VM Temurin-21.0.11+10 (21.0.11+10-LTS, mixed mode, sharing, tiered, compressed oops, compressed class ptrs, parallel gc, windows-amd64)
GC Precious Log:
 CardTable entry size: 512
 CPUs: 12 total, 12 available
 Memory: 15573M
 Large Page Support: Disabled
 NUMA Support: Disabled
 Compressed Oops: Enabled (32-bit)
 Alignments: Space 512K, Generation 512K, Heap 2M
 Heap Min Capacity: 100M
 Heap Initial Capacity: 100M
 Heap Max Capacity: 2G
 Pre-touch: Disabled
 Parallel Workers: 10
Heap:
 PSYoungGen      total 20992K, used 14460K [0x00000000d5580000, 0x00000000d7700000, 0x0000000100000000)
  eden space 16896K, 61% used [0x00000000d5580000,0x00000000d5f9f8b8,0x00000000d6600000)
  from space 4096K, 99% used [0x00000000d6880000,0x00000000d6c7fa40,0x00000000d6c80000)
  to   space 8704K, 0% used [0x00000000d6e80000,0x00000000d6e80000,0x00000000d7700000)
 ParOldGen       total 176128K, used 175794K [0x0000000080000000, 0x000000008ac00000, 0x00000000d5580000)
  object space 176128K, 99% used [0x0000000080000000,0x000000008abacbc8,0x000000008ac00000)
 Metaspace       used 69650K, committed 71296K, reserved 1114112K
  class space    used 7430K, committed 8128K, reserved 1048576K
GC Heap History (20 events):
Event: 13.297 GC heap before
{Heap before GC invocations=229 (full 3):
 PSYoungGen      total 19456K, used 19430K [0x00000000d5580000, 0x00000000d7300000, 0x0000000100000000)
  eden space 16896K, 100% used [0x00000000d5580000,0x00000000d6600000,0x00000000d6600000)
  from space 2560K, 99% used [0x00000000d6600000,0x00000000d6879be0,0x00000000d6880000)
  to   space 6656K, 0% used [0x00000000d6c80000,0x00000000d6c80000,0x00000000d7300000)
 ParOldGen       total 154112K, used 153959K [0x0000000080000000, 0x0000000089680000, 0x00000000d5580000)
  object space 154112K, 99% used [0x0000000080000000,0x0000000089659ee0,0x0000000089680000)
 Metaspace       used 67610K, committed 69184K, reserved 1114112K
  class space    used 7254K, committed 7936K, reserved 1048576K
}
Event: 13.299 GC heap after
{Heap after GC invocations=229 (full 3):
 PSYoungGen      total 18944K, used 1684K [0x00000000d5580000, 0x00000000d6e80000, 0x0000000100000000)
  eden space 16896K, 0% used [0x00000000d5580000,0x00000000d5580000,0x00000000d6600000)
  from space 2048K, 82% used [0x00000000d6c80000,0x00000000d6e25200,0x00000000d6e80000)
  to   space 3584K, 0% used [0x00000000d6780000,0x00000000d6780000,0x00000000d6b00000)
 ParOldGen       total 154624K, used 154602K [0x0000000080000000, 0x0000000089700000, 0x00000000d5580000)
  object space 154624K, 99% used [0x0000000080000000,0x00000000896fa880,0x0000000089700000)
 Metaspace       used 67610K, committed 69184K, reserved 1114112K
  class space    used 7254K, committed 7936K, reserved 1048576K
}
Event: 13.353 GC heap before
{Heap before GC invocations=230 (full 3):
 PSYoungGen      total 18944K, used 18580K [0x00000000d5580000, 0x00000000d6e80000, 0x0000000100000000)
  eden space 16896K, 100% used [0x00000000d5580000,0x00000000d6600000,0x00000000d6600000)
  from space 2048K, 82% used [0x00000000d6c80000,0x00000000d6e25200,0x00000000d6e80000)
  to   space 3584K, 0% used [0x00000000d6780000,0x00000000d6780000,0x00000000d6b00000)
 ParOldGen       total 154624K, used 154602K [0x0000000080000000, 0x0000000089700000, 0x00000000d5580000)
  object space 154624K, 99% used [0x0000000080000000,0x00000000896fa880,0x0000000089700000)
 Metaspace       used 67712K, committed 69312K, reserved 1114112K
  class space    used 7261K, committed 7936K, reserved 1048576K
}
Event: 13.355 GC heap after
{Heap after GC invocations=230 (full 3):
 PSYoungGen      total 20480K, used 3572K [0x00000000d5580000, 0x00000000d7500000, 0x0000000100000000)
  eden space 16896K, 0% used [0x00000000d5580000,0x00000000d5580000,0x00000000d6600000)
  from space 3584K, 99% used [0x00000000d6780000,0x00000000d6afd0b8,0x00000000d6b00000)
  to   space 7680K, 0% used [0x00000000d6d80000,0x00000000d6d80000,0x00000000d7500000)
 ParOldGen       total 158208K, used 157783K [0x0000000080000000, 0x0000000089a80000, 0x00000000d5580000)
  object space 158208K, 99% used [0x0000000080000000,0x0000000089a15f58,0x0000000089a80000)
 Metaspace       used 67712K, committed 69312K, reserved 1114112K
  class space    used 7261K, committed 7936K, reserved 1048576K
}
Event: 13.416 GC heap before
{Heap before GC invocations=231 (full 3):
 PSYoungGen      total 20480K, used 20468K [0x00000000d5580000, 0x00000000d7500000, 0x0000000100000000)
  eden space 16896K, 100% used [0x00000000d5580000,0x00000000d6600000,0x00000000d6600000)
  from space 3584K, 99% used [0x00000000d6780000,0x00000000d6afd0b8,0x00000000d6b00000)
  to   space 7680K, 0% used [0x00000000d6d80000,0x00000000d6d80000,0x00000000d7500000)
 ParOldGen       total 158208K, used 157783K [0x0000000080000000, 0x0000000089a80000, 0x00000000d5580000)
  object space 158208K, 99% used [0x0000000080000000,0x0000000089a15f58,0x0000000089a80000)
 Metaspace       used 67883K, committed 69440K, reserved 1114112K
  class space    used 7294K, committed 7936K, reserved 1048576K
}
Event: 13.419 GC heap after
{Heap after GC invocations=231 (full 3):
 PSYoungGen      total 20992K, used 3981K [0x00000000d5580000, 0x00000000d7180000, 0x0000000100000000)
  eden space 16896K, 0% used [0x00000000d5580000,0x00000000d5580000,0x00000000d6600000)
  from space 4096K, 97% used [0x00000000d6d80000,0x00000000d71635e8,0x00000000d7180000)
  to   space 5120K, 0% used [0x00000000d6780000,0x00000000d6780000,0x00000000d6c80000)
 ParOldGen       total 161792K, used 161291K [0x0000000080000000, 0x0000000089e00000, 0x00000000d5580000)
  object space 161792K, 99% used [0x0000000080000000,0x0000000089d82e70,0x0000000089e00000)
 Metaspace       used 67883K, committed 69440K, reserved 1114112K
  class space    used 7294K, committed 7936K, reserved 1048576K
}
Event: 13.521 GC heap before
{Heap before GC invocations=232 (full 3):
 PSYoungGen      total 20992K, used 20872K [0x00000000d5580000, 0x00000000d7180000, 0x0000000100000000)
  eden space 16896K, 99% used [0x00000000d5580000,0x00000000d65feb00,0x00000000d6600000)
  from space 4096K, 97% used [0x00000000d6d80000,0x00000000d71635e8,0x00000000d7180000)
  to   space 5120K, 0% used [0x00000000d6780000,0x00000000d6780000,0x00000000d6c80000)
 ParOldGen       total 161792K, used 161291K [0x0000000080000000, 0x0000000089e00000, 0x00000000d5580000)
  object space 161792K, 99% used [0x0000000080000000,0x0000000089d82e70,0x0000000089e00000)
 Metaspace       used 68327K, committed 69888K, reserved 1114112K
  class space    used 7323K, committed 8000K, reserved 1048576K
}
Event: 13.527 GC heap after
{Heap after GC invocations=232 (full 3):
 PSYoungGen      total 22016K, used 5110K [0x00000000d5580000, 0x00000000d7600000, 0x0000000100000000)
  eden space 16896K, 0% used [0x00000000d5580000,0x00000000d5580000,0x00000000d6600000)
  from space 5120K, 99% used [0x00000000d6780000,0x00000000d6c7d858,0x00000000d6c80000)
  to   space 8192K, 0% used [0x00000000d6e00000,0x00000000d6e00000,0x00000000d7600000)
 ParOldGen       total 163840K, used 163558K [0x0000000080000000, 0x000000008a000000, 0x00000000d5580000)
  object space 163840K, 99% used [0x0000000080000000,0x0000000089fb98c0,0x000000008a000000)
 Metaspace       used 68327K, committed 69888K, reserved 1114112K
  class space    used 7323K, committed 8000K, reserved 1048576K
}
Event: 13.666 GC heap before
{Heap before GC invocations=233 (full 3):
 PSYoungGen      total 22016K, used 22006K [0x00000000d5580000, 0x00000000d7600000, 0x0000000100000000)
  eden space 16896K, 100% used [0x00000000d5580000,0x00000000d6600000,0x00000000d6600000)
  from space 5120K, 99% used [0x00000000d6780000,0x00000000d6c7d858,0x00000000d6c80000)
  to   space 8192K, 0% used [0x00000000d6e00000,0x00000000d6e00000,0x00000000d7600000)
 ParOldGen       total 163840K, used 163558K [0x0000000080000000, 0x000000008a000000, 0x00000000d5580000)
  object space 163840K, 99% used [0x0000000080000000,0x0000000089fb98c0,0x000000008a000000)
 Metaspace       used 68729K, committed 70208K, reserved 1114112K
  class space    used 7363K, committed 8000K, reserved 1048576K
}
Event: 13.668 GC heap after
{Heap after GC invocations=233 (full 3):
 PSYoungGen      total 17920K, used 628K [0x00000000d5580000, 0x00000000d6f00000, 0x0000000100000000)
  eden space 16896K, 0% used [0x00000000d5580000,0x00000000d5580000,0x00000000d6600000)
  from space 1024K, 61% used [0x00000000d6e00000,0x00000000d6e9d200,0x00000000d6f00000)
  to   space 3584K, 0% used [0x00000000d6800000,0x00000000d6800000,0x00000000d6b80000)
 ParOldGen       total 164352K, used 164350K [0x0000000080000000, 0x000000008a080000, 0x00000000d5580000)
  object space 164352K, 99% used [0x0000000080000000,0x000000008a07f9a0,0x000000008a080000)
 Metaspace       used 68729K, committed 70208K, reserved 1114112K
  class space    used 7363K, committed 8000K, reserved 1048576K
}
Event: 13.746 GC heap before
{Heap before GC invocations=234 (full 3):
 PSYoungGen      total 17920K, used 17524K [0x00000000d5580000, 0x00000000d6f00000, 0x0000000100000000)
  eden space 16896K, 100% used [0x00000000d5580000,0x00000000d6600000,0x00000000d6600000)
  from space 1024K, 61% used [0x00000000d6e00000,0x00000000d6e9d200,0x00000000d6f00000)
  to   space 3584K, 0% used [0x00000000d6800000,0x00000000d6800000,0x00000000d6b80000)
 ParOldGen       total 164352K, used 164350K [0x0000000080000000, 0x000000008a080000, 0x00000000d5580000)
  object space 164352K, 99% used [0x0000000080000000,0x000000008a07f9a0,0x000000008a080000)
 Metaspace       used 68795K, committed 70336K, reserved 1114112K
  class space    used 7364K, committed 8000K, reserved 1048576K
}
Event: 13.749 GC heap after
{Heap after GC invocations=234 (full 3):
 PSYoungGen      total 20480K, used 3560K [0x00000000d5580000, 0x00000000d7a00000, 0x0000000100000000)
  eden space 16896K, 0% used [0x00000000d5580000,0x00000000d5580000,0x00000000d6600000)
  from space 3584K, 99% used [0x00000000d6800000,0x00000000d6b7a220,0x00000000d6b80000)
  to   space 10240K, 0% used [0x00000000d7000000,0x00000000d7000000,0x00000000d7a00000)
 ParOldGen       total 169472K, used 169144K [0x0000000080000000, 0x000000008a580000, 0x00000000d5580000)
  object space 169472K, 99% used [0x0000000080000000,0x000000008a52e180,0x000000008a580000)
 Metaspace       used 68795K, committed 70336K, reserved 1114112K
  class space    used 7364K, committed 8000K, reserved 1048576K
}
Event: 14.964 GC heap before
{Heap before GC invocations=235 (full 3):
 PSYoungGen      total 20480K, used 20456K [0x00000000d5580000, 0x00000000d7a00000, 0x0000000100000000)
  eden space 16896K, 100% used [0x00000000d5580000,0x00000000d6600000,0x00000000d6600000)
  from space 3584K, 99% used [0x00000000d6800000,0x00000000d6b7a220,0x00000000d6b80000)
  to   space 10240K, 0% used [0x00000000d7000000,0x00000000d7000000,0x00000000d7a00000)
 ParOldGen       total 169472K, used 169144K [0x0000000080000000, 0x000000008a580000, 0x00000000d5580000)
  object space 169472K, 99% used [0x0000000080000000,0x000000008a52e180,0x000000008a580000)
 Metaspace       used 69339K, committed 70976K, reserved 1114112K
  class space    used 7421K, committed 8128K, reserved 1048576K
}
Event: 14.968 GC heap after
{Heap after GC invocations=235 (full 3):
 PSYoungGen      total 22528K, used 5147K [0x00000000d5580000, 0x00000000d7580000, 0x0000000100000000)
  eden space 16896K, 0% used [0x00000000d5580000,0x00000000d5580000,0x00000000d6600000)
  from space 5632K, 91% used [0x00000000d7000000,0x00000000d7506e00,0x00000000d7580000)
  to   space 6656K, 0% used [0x00000000d6880000,0x00000000d6880000,0x00000000d6f00000)
 ParOldGen       total 169472K, used 169352K [0x0000000080000000, 0x000000008a580000, 0x00000000d5580000)
  object space 169472K, 99% used [0x0000000080000000,0x000000008a562180,0x000000008a580000)
 Metaspace       used 69339K, committed 70976K, reserved 1114112K
  class space    used 7421K, committed 8128K, reserved 1048576K
}
Event: 15.019 GC heap before
{Heap before GC invocations=236 (full 3):
 PSYoungGen      total 22528K, used 22026K [0x00000000d5580000, 0x00000000d7580000, 0x0000000100000000)
  eden space 16896K, 99% used [0x00000000d5580000,0x00000000d65fbc58,0x00000000d6600000)
  from space 5632K, 91% used [0x00000000d7000000,0x00000000d7506e00,0x00000000d7580000)
  to   space 6656K, 0% used [0x00000000d6880000,0x00000000d6880000,0x00000000d6f00000)
 ParOldGen       total 169472K, used 169352K [0x0000000080000000, 0x000000008a580000, 0x00000000d5580000)
  object space 169472K, 99% used [0x0000000080000000,0x000000008a562180,0x000000008a580000)
 Metaspace       used 69452K, committed 71104K, reserved 1114112K
  class space    used 7425K, committed 8128K, reserved 1048576K
}
Event: 15.022 GC heap after
{Heap after GC invocations=236 (full 3):
 PSYoungGen      total 23552K, used 6643K [0x00000000d5580000, 0x00000000d7800000, 0x0000000100000000)
  eden space 16896K, 0% used [0x00000000d5580000,0x00000000d5580000,0x00000000d6600000)
  from space 6656K, 99% used [0x00000000d6880000,0x00000000d6efcff8,0x00000000d6f00000)
  to   space 9216K, 0% used [0x00000000d6f00000,0x00000000d6f00000,0x00000000d7800000)
 ParOldGen       total 171520K, used 171289K [0x0000000080000000, 0x000000008a780000, 0x00000000d5580000)
  object space 171520K, 99% used [0x0000000080000000,0x000000008a746640,0x000000008a780000)
 Metaspace       used 69452K, committed 71104K, reserved 1114112K
  class space    used 7425K, committed 8128K, reserved 1048576K
}
Event: 15.094 GC heap before
{Heap before GC invocations=237 (full 3):
 PSYoungGen      total 23552K, used 23539K [0x00000000d5580000, 0x00000000d7800000, 0x0000000100000000)
  eden space 16896K, 100% used [0x00000000d5580000,0x00000000d6600000,0x00000000d6600000)
  from space 6656K, 99% used [0x00000000d6880000,0x00000000d6efcff8,0x00000000d6f00000)
  to   space 9216K, 0% used [0x00000000d6f00000,0x00000000d6f00000,0x00000000d7800000)
 ParOldGen       total 171520K, used 171289K [0x0000000080000000, 0x000000008a780000, 0x00000000d5580000)
  object space 171520K, 99% used [0x0000000080000000,0x000000008a746640,0x000000008a780000)
 Metaspace       used 69531K, committed 71168K, reserved 1114112K
  class space    used 7430K, committed 8128K, reserved 1048576K
}
Event: 15.097 GC heap after
{Heap after GC invocations=237 (full 3):
 PSYoungGen      total 18432K, used 1204K [0x00000000d5580000, 0x00000000d7080000, 0x0000000100000000)
  eden space 16896K, 0% used [0x00000000d5580000,0x00000000d5580000,0x00000000d6600000)
  from space 1536K, 78% used [0x00000000d6f00000,0x00000000d702d200,0x00000000d7080000)
  to   space 4096K, 0% used [0x00000000d6880000,0x00000000d6880000,0x00000000d6c80000)
 ParOldGen       total 172544K, used 172417K [0x0000000080000000, 0x000000008a880000, 0x00000000d5580000)
  object space 172544K, 99% used [0x0000000080000000,0x000000008a860730,0x000000008a880000)
 Metaspace       used 69531K, committed 71168K, reserved 1114112K
  class space    used 7430K, committed 8128K, reserved 1048576K
}
Event: 15.353 GC heap before
{Heap before GC invocations=238 (full 3):
 PSYoungGen      total 18432K, used 18100K [0x00000000d5580000, 0x00000000d7080000, 0x0000000100000000)
  eden space 16896K, 100% used [0x00000000d5580000,0x00000000d6600000,0x00000000d6600000)
  from space 1536K, 78% used [0x00000000d6f00000,0x00000000d702d200,0x00000000d7080000)
  to   space 4096K, 0% used [0x00000000d6880000,0x00000000d6880000,0x00000000d6c80000)
 ParOldGen       total 172544K, used 172417K [0x0000000080000000, 0x000000008a880000, 0x00000000d5580000)
  object space 172544K, 99% used [0x0000000080000000,0x000000008a860730,0x000000008a880000)
 Metaspace       used 69593K, committed 71232K, reserved 1114112K
  class space    used 7430K, committed 8128K, reserved 1048576K
}
Event: 15.357 GC heap after
{Heap after GC invocations=238 (full 3):
 PSYoungGen      total 20992K, used 4094K [0x00000000d5580000, 0x00000000d7700000, 0x0000000100000000)
  eden space 16896K, 0% used [0x00000000d5580000,0x00000000d5580000,0x00000000d6600000)
  from space 4096K, 99% used [0x00000000d6880000,0x00000000d6c7fa40,0x00000000d6c80000)
  to   space 8704K, 0% used [0x00000000d6e80000,0x00000000d6e80000,0x00000000d7700000)
 ParOldGen       total 176128K, used 175794K [0x0000000080000000, 0x000000008ac00000, 0x00000000d5580000)
  object space 176128K, 99% used [0x0000000080000000,0x000000008abacbc8,0x000000008ac00000)
 Metaspace       used 69593K, committed 71232K, reserved 1114112K
  class space    used 7430K, committed 8128K, reserved 1048576K
}

