# JRE version: OpenJDK Runtime Environment Temurin-21.0.11+10 (21.0.11+10) (build 21.0.11+10-LTS)
# Java VM: OpenJDK 64-Bit Server VM Temurin-21.0.11+10 (21.0.11+10-LTS, mixed mode, sharing, tiered, compressed oops, compressed class ptrs, parallel gc, windows-amd64)
GC Precious Log:
 CardTable entry size: 512
 CPUs: 12 total, 12 available
 Memory: 15573M
 Large Page Support: Disabled
 NUMA Support: Disabled
 Compressed Oops: Enabled (32-bit)
 Alignments: Space 512K, Generation 512K, Heap 2M
 Heap Min Capacity: 100M
 Heap Initial Capacity: 100M
 Heap Max Capacity: 2G
 Pre-touch: Disabled
 Parallel Workers: 10
Heap:
 PSYoungGen      total 16384K, used 7985K [0x00000000d5580000, 0x00000000d6680000, 0x0000000100000000)
  eden space 14848K, 51% used [0x00000000d5580000,0x00000000d5cec760,0x00000000d6400000)
  from space 1536K, 25% used [0x00000000d6400000,0x00000000d6460000,0x00000000d6580000)
  to   space 1024K, 0% used [0x00000000d6580000,0x00000000d6580000,0x00000000d6680000)
 ParOldGen       total 68608K, used 56218K [0x0000000080000000, 0x0000000084300000, 0x00000000d5580000)
  object space 68608K, 81% used [0x0000000080000000,0x00000000836e68b8,0x0000000084300000)
 Metaspace       used 57777K, committed 59264K, reserved 1114112K
  class space    used 6275K, committed 6912K, reserved 1048576K
GC Heap History (20 events):
Event: 9.832 GC heap before
{Heap before GC invocations=32 (full 2):
 PSYoungGen      total 18944K, used 18368K [0x00000000d5580000, 0x00000000d6a00000, 0x0000000100000000)
  eden space 16896K, 100% used [0x00000000d5580000,0x00000000d6600000,0x00000000d6600000)
  from space 2048K, 71% used [0x00000000d6600000,0x00000000d6770000,0x00000000d6800000)
  to   space 2048K, 0% used [0x00000000d6800000,0x00000000d6800000,0x00000000d6a00000)
 ParOldGen       total 68608K, used 47403K [0x0000000080000000, 0x0000000084300000, 0x00000000d5580000)
  object space 68608K, 69% used [0x0000000080000000,0x0000000082e4afc0,0x0000000084300000)
 Metaspace       used 48985K, committed 50304K, reserved 1114112K
  class space    used 5361K, committed 5952K, reserved 1048576K
}
Event: 9.834 GC heap after
{Heap after GC invocations=32 (full 2):
 PSYoungGen      total 18432K, used 1504K [0x00000000d5580000, 0x00000000d6980000, 0x0000000100000000)
  eden space 16896K, 0% used [0x00000000d5580000,0x00000000d5580000,0x00000000d6600000)
  from space 1536K, 97% used [0x00000000d6800000,0x00000000d6978000,0x00000000d6980000)
  to   space 1536K, 0% used [0x00000000d6680000,0x00000000d6680000,0x00000000d6800000)
 ParOldGen       total 68608K, used 48787K [0x0000000080000000, 0x0000000084300000, 0x00000000d5580000)
  object space 68608K, 71% used [0x0000000080000000,0x0000000082fa4fc0,0x0000000084300000)
 Metaspace       used 48985K, committed 50304K, reserved 1114112K
  class space    used 5361K, committed 5952K, reserved 1048576K
}
Event: 10.159 GC heap before
{Heap before GC invocations=33 (full 2):
 PSYoungGen      total 18432K, used 18400K [0x00000000d5580000, 0x00000000d6980000, 0x0000000100000000)
  eden space 16896K, 100% used [0x00000000d5580000,0x00000000d6600000,0x00000000d6600000)
  from space 1536K, 97% used [0x00000000d6800000,0x00000000d6978000,0x00000000d6980000)
  to   space 1536K, 0% used [0x00000000d6680000,0x00000000d6680000,0x00000000d6800000)
 ParOldGen       total 68608K, used 48787K [0x0000000080000000, 0x0000000084300000, 0x00000000d5580000)
  object space 68608K, 71% used [0x0000000080000000,0x0000000082fa4fc0,0x0000000084300000)
 Metaspace       used 50841K, committed 52160K, reserved 1114112K
  class space    used 5604K, committed 6208K, reserved 1048576K
}
Event: 10.162 GC heap after
{Heap after GC invocations=33 (full 2):
 PSYoungGen      total 18432K, used 1052K [0x00000000d5580000, 0x00000000d6900000, 0x0000000100000000)
  eden space 16896K, 0% used [0x00000000d5580000,0x00000000d5580000,0x00000000d6600000)
  from space 1536K, 68% used [0x00000000d6680000,0x00000000d67872f8,0x00000000d6800000)
  to   space 1024K, 0% used [0x00000000d6800000,0x00000000d6800000,0x00000000d6900000)
 ParOldGen       total 68608K, used 50153K [0x0000000080000000, 0x0000000084300000, 0x00000000d5580000)
  object space 68608K, 73% used [0x0000000080000000,0x00000000830fa518,0x0000000084300000)
 Metaspace       used 50841K, committed 52160K, reserved 1114112K
  class space    used 5604K, committed 6208K, reserved 1048576K
}
Event: 10.610 GC heap before
{Heap before GC invocations=34 (full 2):
 PSYoungGen      total 18432K, used 17948K [0x00000000d5580000, 0x00000000d6900000, 0x0000000100000000)
  eden space 16896K, 100% used [0x00000000d5580000,0x00000000d6600000,0x00000000d6600000)
  from space 1536K, 68% used [0x00000000d6680000,0x00000000d67872f8,0x00000000d6800000)
  to   space 1024K, 0% used [0x00000000d6800000,0x00000000d6800000,0x00000000d6900000)
 ParOldGen       total 68608K, used 50153K [0x0000000080000000, 0x0000000084300000, 0x00000000d5580000)
  object space 68608K, 73% used [0x0000000080000000,0x00000000830fa518,0x0000000084300000)
 Metaspace       used 51871K, committed 53248K, reserved 1114112K
  class space    used 5700K, committed 6336K, reserved 1048576K
}
Event: 10.612 GC heap after
{Heap after GC invocations=34 (full 2):
 PSYoungGen      total 17408K, used 384K [0x00000000d5580000, 0x00000000d6880000, 0x0000000100000000)
  eden space 16896K, 0% used [0x00000000d5580000,0x00000000d5580000,0x00000000d6600000)
  from space 512K, 75% used [0x00000000d6800000,0x00000000d6860000,0x00000000d6880000)
  to   space 1024K, 0% used [0x00000000d6680000,0x00000000d6680000,0x00000000d6780000)
 ParOldGen       total 68608K, used 50976K [0x0000000080000000, 0x0000000084300000, 0x00000000d5580000)
  object space 68608K, 74% used [0x0000000080000000,0x00000000831c8220,0x0000000084300000)
 Metaspace       used 51871K, committed 53248K, reserved 1114112K
  class space    used 5700K, committed 6336K, reserved 1048576K
}
Event: 10.944 GC heap before
{Heap before GC invocations=35 (full 2):
 PSYoungGen      total 17408K, used 17280K [0x00000000d5580000, 0x00000000d6880000, 0x0000000100000000)
  eden space 16896K, 100% used [0x00000000d5580000,0x00000000d6600000,0x00000000d6600000)
  from space 512K, 75% used [0x00000000d6800000,0x00000000d6860000,0x00000000d6880000)
  to   space 1024K, 0% used [0x00000000d6680000,0x00000000d6680000,0x00000000d6780000)
 ParOldGen       total 68608K, used 50976K [0x0000000080000000, 0x0000000084300000, 0x00000000d5580000)
  object space 68608K, 74% used [0x0000000080000000,0x00000000831c8220,0x0000000084300000)
 Metaspace       used 53006K, committed 54336K, reserved 1114112K
  class space    used 5820K, committed 6400K, reserved 1048576K
}
Event: 10.946 GC heap after
{Heap after GC invocations=35 (full 2):
 PSYoungGen      total 17920K, used 512K [0x00000000d5580000, 0x00000000d6880000, 0x0000000100000000)
  eden space 16896K, 0% used [0x00000000d5580000,0x00000000d5580000,0x00000000d6600000)
  from space 1024K, 50% used [0x00000000d6680000,0x00000000d6700000,0x00000000d6780000)
  to   space 1024K, 0% used [0x00000000d6780000,0x00000000d6780000,0x00000000d6880000)
 ParOldGen       total 68608K, used 51200K [0x0000000080000000, 0x0000000084300000, 0x00000000d5580000)
  object space 68608K, 74% used [0x0000000080000000,0x0000000083200220,0x0000000084300000)
 Metaspace       used 53006K, committed 54336K, reserved 1114112K
  class space    used 5820K, committed 6400K, reserved 1048576K
}
Event: 11.293 GC heap before
{Heap before GC invocations=36 (full 2):
 PSYoungGen      total 17920K, used 17408K [0x00000000d5580000, 0x00000000d6880000, 0x0000000100000000)
  eden space 16896K, 100% used [0x00000000d5580000,0x00000000d6600000,0x00000000d6600000)
  from space 1024K, 50% used [0x00000000d6680000,0x00000000d6700000,0x00000000d6780000)
  to   space 1024K, 0% used [0x00000000d6780000,0x00000000d6780000,0x00000000d6880000)
 ParOldGen       total 68608K, used 51200K [0x0000000080000000, 0x0000000084300000, 0x00000000d5580000)
  object space 68608K, 74% used [0x0000000080000000,0x0000000083200220,0x0000000084300000)
 Metaspace       used 54462K, committed 55872K, reserved 1114112K
  class space    used 5980K, committed 6592K, reserved 1048576K
}
Event: 11.294 GC heap after
{Heap after GC invocations=36 (full 2):
 PSYoungGen      total 17920K, used 848K [0x00000000d5580000, 0x00000000d6880000, 0x0000000100000000)
  eden space 16896K, 0% used [0x00000000d5580000,0x00000000d5580000,0x00000000d6600000)
  from space 1024K, 82% used [0x00000000d6780000,0x00000000d6854010,0x00000000d6880000)
  to   space 1024K, 0% used [0x00000000d6680000,0x00000000d6680000,0x00000000d6780000)
 ParOldGen       total 68608K, used 51504K [0x0000000080000000, 0x0000000084300000, 0x00000000d5580000)
  object space 68608K, 75% used [0x0000000080000000,0x000000008324c220,0x0000000084300000)
 Metaspace       used 54462K, committed 55872K, reserved 1114112K
  class space    used 5980K, committed 6592K, reserved 1048576K
}
Event: 11.470 GC heap before
{Heap before GC invocations=37 (full 2):
 PSYoungGen      total 17920K, used 17742K [0x00000000d5580000, 0x00000000d6880000, 0x0000000100000000)
  eden space 16896K, 99% used [0x00000000d5580000,0x00000000d65ff868,0x00000000d6600000)
  from space 1024K, 82% used [0x00000000d6780000,0x00000000d6854010,0x00000000d6880000)
  to   space 1024K, 0% used [0x00000000d6680000,0x00000000d6680000,0x00000000d6780000)
 ParOldGen       total 68608K, used 51504K [0x0000000080000000, 0x0000000084300000, 0x00000000d5580000)
  object space 68608K, 75% used [0x0000000080000000,0x000000008324c220,0x0000000084300000)
 Metaspace       used 56080K, committed 57472K, reserved 1114112K
  class space    used 6142K, committed 6720K, reserved 1048576K
}
Event: 11.473 GC heap after
{Heap after GC invocations=37 (full 2):
 PSYoungGen      total 17920K, used 768K [0x00000000d5580000, 0x00000000d6800000, 0x0000000100000000)
  eden space 16896K, 0% used [0x00000000d5580000,0x00000000d5580000,0x00000000d6600000)
  from space 1024K, 75% used [0x00000000d6680000,0x00000000d6740020,0x00000000d6780000)
  to   space 512K, 0% used [0x00000000d6780000,0x00000000d6780000,0x00000000d6800000)
 ParOldGen       total 68608K, used 52136K [0x0000000080000000, 0x0000000084300000, 0x00000000d5580000)
  object space 68608K, 75% used [0x0000000080000000,0x00000000832ea3f0,0x0000000084300000)
 Metaspace       used 56080K, committed 57472K, reserved 1114112K
  class space    used 6142K, committed 6720K, reserved 1048576K
}
Event: 11.976 GC heap before
{Heap before GC invocations=38 (full 2):
 PSYoungGen      total 17920K, used 17664K [0x00000000d5580000, 0x00000000d6800000, 0x0000000100000000)
  eden space 16896K, 100% used [0x00000000d5580000,0x00000000d6600000,0x00000000d6600000)
  from space 1024K, 75% used [0x00000000d6680000,0x00000000d6740020,0x00000000d6780000)
  to   space 512K, 0% used [0x00000000d6780000,0x00000000d6780000,0x00000000d6800000)
 ParOldGen       total 68608K, used 52136K [0x0000000080000000, 0x0000000084300000, 0x00000000d5580000)
  object space 68608K, 75% used [0x0000000080000000,0x00000000832ea3f0,0x0000000084300000)
 Metaspace       used 57531K, committed 59008K, reserved 1114112K
  class space    used 6264K, committed 6912K, reserved 1048576K
}
Event: 11.978 GC heap after
{Heap after GC invocations=38 (full 2):
 PSYoungGen      total 15360K, used 496K [0x00000000d5580000, 0x00000000d6d00000, 0x0000000100000000)
  eden space 14848K, 0% used [0x00000000d5580000,0x00000000d5580000,0x00000000d6400000)
  from space 512K, 97% used [0x00000000d6780000,0x00000000d67fc3d8,0x00000000d6800000)
  to   space 3584K, 0% used [0x00000000d6400000,0x00000000d6400000,0x00000000d6780000)
 ParOldGen       total 68608K, used 54383K [0x0000000080000000, 0x0000000084300000, 0x00000000d5580000)
  object space 68608K, 79% used [0x0000000080000000,0x000000008351bfc8,0x0000000084300000)
 Metaspace       used 57531K, committed 59008K, reserved 1114112K
  class space    used 6264K, committed 6912K, reserved 1048576K
}
Event: 12.083 GC heap before
{Heap before GC invocations=39 (full 2):
 PSYoungGen      total 15360K, used 15344K [0x00000000d5580000, 0x00000000d6d00000, 0x0000000100000000)
  eden space 14848K, 100% used [0x00000000d5580000,0x00000000d6400000,0x00000000d6400000)
  from space 512K, 97% used [0x00000000d6780000,0x00000000d67fc3d8,0x00000000d6800000)
  to   space 3584K, 0% used [0x00000000d6400000,0x00000000d6400000,0x00000000d6780000)
 ParOldGen       total 68608K, used 54383K [0x0000000080000000, 0x0000000084300000, 0x00000000d5580000)
  object space 68608K, 79% used [0x0000000080000000,0x000000008351bfc8,0x0000000084300000)
 Metaspace       used 57593K, committed 59072K, reserved 1114112K
  class space    used 6271K, committed 6912K, reserved 1048576K
}
Event: 12.084 GC heap after
{Heap after GC invocations=39 (full 2):
 PSYoungGen      total 16384K, used 1122K [0x00000000d5580000, 0x00000000d6800000, 0x0000000100000000)
  eden space 14848K, 0% used [0x00000000d5580000,0x00000000d5580000,0x00000000d6400000)
  from space 1536K, 73% used [0x00000000d6400000,0x00000000d6518a18,0x00000000d6580000)
  to   space 2048K, 0% used [0x00000000d6600000,0x00000000d6600000,0x00000000d6800000)
 ParOldGen       total 68608K, used 54878K [0x0000000080000000, 0x0000000084300000, 0x00000000d5580000)
  object space 68608K, 79% used [0x0000000080000000,0x00000000835978b8,0x0000000084300000)
 Metaspace       used 57593K, committed 59072K, reserved 1114112K
  class space    used 6271K, committed 6912K, reserved 1048576K
}
Event: 12.316 GC heap before
{Heap before GC invocations=40 (full 2):
 PSYoungGen      total 16384K, used 15970K [0x00000000d5580000, 0x00000000d6800000, 0x0000000100000000)
  eden space 14848K, 100% used [0x00000000d5580000,0x00000000d6400000,0x00000000d6400000)
  from space 1536K, 73% used [0x00000000d6400000,0x00000000d6518a18,0x00000000d6580000)
  to   space 2048K, 0% used [0x00000000d6600000,0x00000000d6600000,0x00000000d6800000)
 ParOldGen       total 68608K, used 54878K [0x0000000080000000, 0x0000000084300000, 0x00000000d5580000)
  object space 68608K, 79% used [0x0000000080000000,0x00000000835978b8,0x0000000084300000)
 Metaspace       used 57698K, committed 59200K, reserved 1114112K
  class space    used 6274K, committed 6912K, reserved 1048576K
}
Event: 12.319 GC heap after
{Heap after GC invocations=40 (full 2):
 PSYoungGen      total 15872K, used 819K [0x00000000d5580000, 0x00000000d6700000, 0x0000000100000000)
  eden space 14848K, 0% used [0x00000000d5580000,0x00000000d5580000,0x00000000d6400000)
  from space 1024K, 80% used [0x00000000d6600000,0x00000000d66cccd0,0x00000000d6700000)
  to   space 1536K, 0% used [0x00000000d6400000,0x00000000d6400000,0x00000000d6580000)
 ParOldGen       total 68608K, used 55691K [0x0000000080000000, 0x0000000084300000, 0x00000000d5580000)
  object space 68608K, 81% used [0x0000000080000000,0x0000000083662ed0,0x0000000084300000)
 Metaspace       used 57698K, committed 59200K, reserved 1114112K
  class space    used 6274K, committed 6912K, reserved 1048576K
}
Event: 12.361 GC heap before
{Heap before GC invocations=41 (full 2):
 PSYoungGen      total 15872K, used 15667K [0x00000000d5580000, 0x00000000d6700000, 0x0000000100000000)
  eden space 14848K, 100% used [0x00000000d5580000,0x00000000d6400000,0x00000000d6400000)
  from space 1024K, 80% used [0x00000000d6600000,0x00000000d66cccd0,0x00000000d6700000)
  to   space 1536K, 0% used [0x00000000d6400000,0x00000000d6400000,0x00000000d6580000)
 ParOldGen       total 68608K, used 55691K [0x0000000080000000, 0x0000000084300000, 0x00000000d5580000)
  object space 68608K, 81% used [0x0000000080000000,0x0000000083662ed0,0x0000000084300000)
 Metaspace       used 57704K, committed 59200K, reserved 1114112K
  class space    used 6274K, committed 6912K, reserved 1048576K
}
Event: 12.363 GC heap after
{Heap after GC invocations=41 (full 2):
 PSYoungGen      total 16384K, used 384K [0x00000000d5580000, 0x00000000d6680000, 0x0000000100000000)
  eden space 14848K, 0% used [0x00000000d5580000,0x00000000d5580000,0x00000000d6400000)
  from space 1536K, 25% used [0x00000000d6400000,0x00000000d6460000,0x00000000d6580000)
  to   space 1024K, 0% used [0x00000000d6580000,0x00000000d6580000,0x00000000d6680000)
 ParOldGen       total 68608K, used 56218K [0x0000000080000000, 0x0000000084300000, 0x00000000d5580000)
  object space 68608K, 81% used [0x0000000080000000,0x00000000836e68b8,0x0000000084300000)
 Metaspace       used 57704K, committed 59200K, reserved 1114112K
  class space    used 6274K, committed 6912K, reserved 1048576K
}

