# JRE version: OpenJDK Runtime Environment Temurin-21.0.11+10 (21.0.11+10) (build 21.0.11+10-LTS)
# Java VM: OpenJDK 64-Bit Server VM Temurin-21.0.11+10 (21.0.11+10-LTS, mixed mode, sharing, tiered, compressed oops, compressed class ptrs, parallel gc, windows-amd64)
GC Precious Log:
 CardTable entry size: 512
 CPUs: 12 total, 12 available
 Memory: 15573M
 Large Page Support: Disabled
 NUMA Support: Disabled
 Compressed Oops: Enabled (32-bit)
 Alignments: Space 512K, Generation 512K, Heap 2M
 Heap Min Capacity: 100M
 Heap Initial Capacity: 100M
 Heap Max Capacity: 2G
 Pre-touch: Disabled
 Parallel Workers: 10
Heap:
 PSYoungGen      total 8704K, used 500K [0x00000000d5580000, 0x00000000d5f80000, 0x0000000100000000)
  eden space 8192K, 0% used [0x00000000d5580000,0x00000000d5580000,0x00000000d5d80000)
  from space 512K, 97% used [0x00000000d5e80000,0x00000000d5efd200,0x00000000d5f00000)
  to   space 512K, 0% used [0x00000000d5f00000,0x00000000d5f00000,0x00000000d5f80000)
 ParOldGen       total 128512K, used 128275K [0x0000000080000000, 0x0000000087d80000, 0x00000000d5580000)
  object space 128512K, 99% used [0x0000000080000000,0x0000000087d44de0,0x0000000087d80000)
 Metaspace       used 69581K, committed 71296K, reserved 1114112K
  class space    used 7436K, committed 8192K, reserved 1048576K
GC Heap History (20 events):
Event: 15.630 GC heap after
{Heap after GC invocations=176 (full 3):
 PSYoungGen      total 10240K, used 1509K [0x00000000d5580000, 0x00000000d6400000, 0x0000000100000000)
  eden space 8704K, 0% used [0x00000000d5580000,0x00000000d5580000,0x00000000d5e00000)
  from space 1536K, 98% used [0x00000000d5e00000,0x00000000d5f79760,0x00000000d5f80000)
  to   space 3072K, 0% used [0x00000000d6100000,0x00000000d6100000,0x00000000d6400000)
 ParOldGen       total 95232K, used 95148K [0x0000000080000000, 0x0000000085d00000, 0x00000000d5580000)
  object space 95232K, 99% used [0x0000000080000000,0x0000000085ceb398,0x0000000085d00000)
 Metaspace       used 65732K, committed 67264K, reserved 1114112K
  class space    used 7041K, committed 7744K, reserved 1048576K
}
Event: 15.739 GC heap before
{Heap before GC invocations=177 (full 3):
 PSYoungGen      total 10240K, used 10213K [0x00000000d5580000, 0x00000000d6400000, 0x0000000100000000)
  eden space 8704K, 100% used [0x00000000d5580000,0x00000000d5e00000,0x00000000d5e00000)
  from space 1536K, 98% used [0x00000000d5e00000,0x00000000d5f79760,0x00000000d5f80000)
  to   space 3072K, 0% used [0x00000000d6100000,0x00000000d6100000,0x00000000d6400000)
 ParOldGen       total 95232K, used 95148K [0x0000000080000000, 0x0000000085d00000, 0x00000000d5580000)
  object space 95232K, 99% used [0x0000000080000000,0x0000000085ceb398,0x0000000085d00000)
 Metaspace       used 66605K, committed 68224K, reserved 1114112K
  class space    used 7119K, committed 7808K, reserved 1048576K
}
Event: 15.741 GC heap after
{Heap after GC invocations=177 (full 3):
 PSYoungGen      total 10240K, used 1198K [0x00000000d5580000, 0x00000000d6280000, 0x0000000100000000)
  eden space 8704K, 0% used [0x00000000d5580000,0x00000000d5580000,0x00000000d5e00000)
  from space 1536K, 78% used [0x00000000d6100000,0x00000000d622ba50,0x00000000d6280000)
  to   space 2048K, 0% used [0x00000000d5e80000,0x00000000d5e80000,0x00000000d6080000)
 ParOldGen       total 96768K, used 96572K [0x0000000080000000, 0x0000000085e80000, 0x00000000d5580000)
  object space 96768K, 99% used [0x0000000080000000,0x0000000085e4f3d8,0x0000000085e80000)
 Metaspace       used 66605K, committed 68224K, reserved 1114112K
  class space    used 7119K, committed 7808K, reserved 1048576K
}
Event: 15.758 GC heap before
{Heap before GC invocations=178 (full 3):
 PSYoungGen      total 10240K, used 9902K [0x00000000d5580000, 0x00000000d6280000, 0x0000000100000000)
  eden space 8704K, 99% used [0x00000000d5580000,0x00000000d5dfffc0,0x00000000d5e00000)
  from space 1536K, 78% used [0x00000000d6100000,0x00000000d622ba50,0x00000000d6280000)
  to   space 2048K, 0% used [0x00000000d5e80000,0x00000000d5e80000,0x00000000d6080000)
 ParOldGen       total 96768K, used 96572K [0x0000000080000000, 0x0000000085e80000, 0x00000000d5580000)
  object space 96768K, 99% used [0x0000000080000000,0x0000000085e4f3d8,0x0000000085e80000)
 Metaspace       used 66755K, committed 68352K, reserved 1114112K
  class space    used 7134K, committed 7808K, reserved 1048576K
}
Event: 15.760 GC heap after
{Heap after GC invocations=178 (full 3):
 PSYoungGen      total 10752K, used 2045K [0x00000000d5580000, 0x00000000d6600000, 0x0000000100000000)
  eden space 8704K, 0% used [0x00000000d5580000,0x00000000d5580000,0x00000000d5e00000)
  from space 2048K, 99% used [0x00000000d5e80000,0x00000000d607f4c0,0x00000000d6080000)
  to   space 4096K, 0% used [0x00000000d6200000,0x00000000d6200000,0x00000000d6600000)
 ParOldGen       total 98304K, used 97992K [0x0000000080000000, 0x0000000086000000, 0x00000000d5580000)
  object space 98304K, 99% used [0x0000000080000000,0x0000000085fb20e8,0x0000000086000000)
 Metaspace       used 66755K, committed 68352K, reserved 1114112K
  class space    used 7134K, committed 7808K, reserved 1048576K
}
Event: 15.793 GC heap before
{Heap before GC invocations=179 (full 3):
 PSYoungGen      total 10752K, used 10749K [0x00000000d5580000, 0x00000000d6600000, 0x0000000100000000)
  eden space 8704K, 99% used [0x00000000d5580000,0x00000000d5dfffe8,0x00000000d5e00000)
  from space 2048K, 99% used [0x00000000d5e80000,0x00000000d607f4c0,0x00000000d6080000)
  to   space 4096K, 0% used [0x00000000d6200000,0x00000000d6200000,0x00000000d6600000)
 ParOldGen       total 98304K, used 97992K [0x0000000080000000, 0x0000000086000000, 0x00000000d5580000)
  object space 98304K, 99% used [0x0000000080000000,0x0000000085fb20e8,0x0000000086000000)
 Metaspace       used 67089K, committed 68736K, reserved 1114112K
  class space    used 7173K, committed 7872K, reserved 1048576K
}
Event: 15.795 GC heap after
{Heap after GC invocations=179 (full 3):
 PSYoungGen      total 11264K, used 2107K [0x00000000d5580000, 0x00000000d6480000, 0x0000000100000000)
  eden space 8704K, 0% used [0x00000000d5580000,0x00000000d5580000,0x00000000d5e00000)
  from space 2560K, 82% used [0x00000000d6200000,0x00000000d640ec88,0x00000000d6480000)
  to   space 3072K, 0% used [0x00000000d5e80000,0x00000000d5e80000,0x00000000d6180000)
 ParOldGen       total 100352K, used 100010K [0x0000000080000000, 0x0000000086200000, 0x00000000d5580000)
  object space 100352K, 99% used [0x0000000080000000,0x00000000861aa880,0x0000000086200000)
 Metaspace       used 67089K, committed 68736K, reserved 1114112K
  class space    used 7173K, committed 7872K, reserved 1048576K
}
Event: 15.867 GC heap before
{Heap before GC invocations=180 (full 3):
 PSYoungGen      total 11264K, used 10811K [0x00000000d5580000, 0x00000000d6480000, 0x0000000100000000)
  eden space 8704K, 100% used [0x00000000d5580000,0x00000000d5e00000,0x00000000d5e00000)
  from space 2560K, 82% used [0x00000000d6200000,0x00000000d640ec88,0x00000000d6480000)
  to   space 3072K, 0% used [0x00000000d5e80000,0x00000000d5e80000,0x00000000d6180000)
 ParOldGen       total 100352K, used 100010K [0x0000000080000000, 0x0000000086200000, 0x00000000d5580000)
  object space 100352K, 99% used [0x0000000080000000,0x00000000861aa880,0x0000000086200000)
 Metaspace       used 67562K, committed 69184K, reserved 1114112K
  class space    used 7229K, committed 7936K, reserved 1048576K
}
Event: 15.869 GC heap after
{Heap after GC invocations=180 (full 3):
 PSYoungGen      total 10240K, used 1397K [0x00000000d5580000, 0x00000000d6280000, 0x0000000100000000)
  eden space 8704K, 0% used [0x00000000d5580000,0x00000000d5580000,0x00000000d5e00000)
  from space 1536K, 90% used [0x00000000d5e80000,0x00000000d5fdd4f0,0x00000000d6000000)
  to   space 2048K, 0% used [0x00000000d6080000,0x00000000d6080000,0x00000000d6280000)
 ParOldGen       total 101888K, used 101694K [0x0000000080000000, 0x0000000086380000, 0x00000000d5580000)
  object space 101888K, 99% used [0x0000000080000000,0x000000008634f938,0x0000000086380000)
 Metaspace       used 67562K, committed 69184K, reserved 1114112K
  class space    used 7229K, committed 7936K, reserved 1048576K
}
Event: 16.022 GC heap before
{Heap before GC invocations=181 (full 3):
 PSYoungGen      total 10240K, used 10101K [0x00000000d5580000, 0x00000000d6280000, 0x0000000100000000)
  eden space 8704K, 100% used [0x00000000d5580000,0x00000000d5e00000,0x00000000d5e00000)
  from space 1536K, 90% used [0x00000000d5e80000,0x00000000d5fdd4f0,0x00000000d6000000)
  to   space 2048K, 0% used [0x00000000d6080000,0x00000000d6080000,0x00000000d6280000)
 ParOldGen       total 101888K, used 101694K [0x0000000080000000, 0x0000000086380000, 0x00000000d5580000)
  object space 101888K, 99% used [0x0000000080000000,0x000000008634f938,0x0000000086380000)
 Metaspace       used 68039K, committed 69632K, reserved 1114112K
  class space    used 7270K, committed 8000K, reserved 1048576K
}
Event: 16.024 GC heap after
{Heap after GC invocations=181 (full 3):
 PSYoungGen      total 9728K, used 768K [0x00000000d5580000, 0x00000000d6180000, 0x0000000100000000)
  eden space 8704K, 0% used [0x00000000d5580000,0x00000000d5580000,0x00000000d5e00000)
  from space 1024K, 75% used [0x00000000d6080000,0x00000000d6140020,0x00000000d6180000)
  to   space 1536K, 0% used [0x00000000d5e80000,0x00000000d5e80000,0x00000000d6000000)
 ParOldGen       total 102400K, used 102166K [0x0000000080000000, 0x0000000086400000, 0x00000000d5580000)
  object space 102400K, 99% used [0x0000000080000000,0x00000000863c5938,0x0000000086400000)
 Metaspace       used 68039K, committed 69632K, reserved 1114112K
  class space    used 7270K, committed 8000K, reserved 1048576K
}
Event: 16.224 GC heap before
{Heap before GC invocations=182 (full 3):
 PSYoungGen      total 9728K, used 9472K [0x00000000d5580000, 0x00000000d6180000, 0x0000000100000000)
  eden space 8704K, 100% used [0x00000000d5580000,0x00000000d5e00000,0x00000000d5e00000)
  from space 1024K, 75% used [0x00000000d6080000,0x00000000d6140020,0x00000000d6180000)
  to   space 1536K, 0% used [0x00000000d5e80000,0x00000000d5e80000,0x00000000d6000000)
 ParOldGen       total 102400K, used 102166K [0x0000000080000000, 0x0000000086400000, 0x00000000d5580000)
  object space 102400K, 99% used [0x0000000080000000,0x00000000863c5938,0x0000000086400000)
 Metaspace       used 68463K, committed 70080K, reserved 1114112K
  class space    used 7317K, committed 8000K, reserved 1048576K
}
Event: 16.227 GC heap after
{Heap after GC invocations=182 (full 3):
 PSYoungGen      total 10240K, used 1184K [0x00000000d5580000, 0x00000000d6100000, 0x0000000100000000)
  eden space 8704K, 0% used [0x00000000d5580000,0x00000000d5580000,0x00000000d5e00000)
  from space 1536K, 77% used [0x00000000d5e80000,0x00000000d5fa8010,0x00000000d6000000)
  to   space 1024K, 0% used [0x00000000d6000000,0x00000000d6000000,0x00000000d6100000)
 ParOldGen       total 102912K, used 102770K [0x0000000080000000, 0x0000000086480000, 0x00000000d5580000)
  object space 102912K, 99% used [0x0000000080000000,0x000000008645cba8,0x0000000086480000)
 Metaspace       used 68463K, committed 70080K, reserved 1114112K
  class space    used 7317K, committed 8000K, reserved 1048576K
}
Event: 16.286 GC heap before
{Heap before GC invocations=183 (full 3):
 PSYoungGen      total 10240K, used 9888K [0x00000000d5580000, 0x00000000d6100000, 0x0000000100000000)
  eden space 8704K, 100% used [0x00000000d5580000,0x00000000d5e00000,0x00000000d5e00000)
  from space 1536K, 77% used [0x00000000d5e80000,0x00000000d5fa8010,0x00000000d6000000)
  to   space 1024K, 0% used [0x00000000d6000000,0x00000000d6000000,0x00000000d6100000)
 ParOldGen       total 102912K, used 102770K [0x0000000080000000, 0x0000000086480000, 0x00000000d5580000)
  object space 102912K, 99% used [0x0000000080000000,0x000000008645cba8,0x0000000086480000)
 Metaspace       used 68713K, committed 70336K, reserved 1114112K
  class space    used 7353K, committed 8064K, reserved 1048576K
}
Event: 16.287 GC heap after
{Heap after GC invocations=183 (full 3):
 PSYoungGen      total 9216K, used 1024K [0x00000000d5580000, 0x00000000d6300000, 0x0000000100000000)
  eden space 8192K, 0% used [0x00000000d5580000,0x00000000d5580000,0x00000000d5d80000)
  from space 1024K, 100% used [0x00000000d6000000,0x00000000d6100000,0x00000000d6100000)
  to   space 2560K, 0% used [0x00000000d5d80000,0x00000000d5d80000,0x00000000d6000000)
 ParOldGen       total 103936K, used 103830K [0x0000000080000000, 0x0000000086580000, 0x00000000d5580000)
  object space 103936K, 99% used [0x0000000080000000,0x0000000086565bb8,0x0000000086580000)
 Metaspace       used 68713K, committed 70336K, reserved 1114112K
  class space    used 7353K, committed 8064K, reserved 1048576K
}
Event: 16.425 GC heap before
{Heap before GC invocations=184 (full 3):
 PSYoungGen      total 9216K, used 9216K [0x00000000d5580000, 0x00000000d6300000, 0x0000000100000000)
  eden space 8192K, 100% used [0x00000000d5580000,0x00000000d5d80000,0x00000000d5d80000)
  from space 1024K, 100% used [0x00000000d6000000,0x00000000d6100000,0x00000000d6100000)
  to   space 2560K, 0% used [0x00000000d5d80000,0x00000000d5d80000,0x00000000d6000000)
 ParOldGen       total 103936K, used 103830K [0x0000000080000000, 0x0000000086580000, 0x00000000d5580000)
  object space 103936K, 99% used [0x0000000080000000,0x0000000086565bb8,0x0000000086580000)
 Metaspace       used 69313K, committed 70912K, reserved 1114112K
  class space    used 7416K, committed 8128K, reserved 1048576K
}
Event: 16.427 GC heap after
{Heap after GC invocations=184 (full 3):
 PSYoungGen      total 9216K, used 613K [0x00000000d5580000, 0x00000000d6080000, 0x0000000100000000)
  eden space 8192K, 0% used [0x00000000d5580000,0x00000000d5580000,0x00000000d5d80000)
  from space 1024K, 59% used [0x00000000d5d80000,0x00000000d5e19420,0x00000000d5e80000)
  to   space 1536K, 0% used [0x00000000d5f00000,0x00000000d5f00000,0x00000000d6080000)
 ParOldGen       total 104448K, used 104286K [0x0000000080000000, 0x0000000086600000, 0x00000000d5580000)
  object space 104448K, 99% used [0x0000000080000000,0x00000000865d7bb8,0x0000000086600000)
 Metaspace       used 69313K, committed 70912K, reserved 1114112K
  class space    used 7416K, committed 8128K, reserved 1048576K
}
Event: 16.449 GC heap before
{Heap before GC invocations=185 (full 3):
 PSYoungGen      total 9216K, used 8805K [0x00000000d5580000, 0x00000000d6080000, 0x0000000100000000)
  eden space 8192K, 100% used [0x00000000d5580000,0x00000000d5d80000,0x00000000d5d80000)
  from space 1024K, 59% used [0x00000000d5d80000,0x00000000d5e19420,0x00000000d5e80000)
  to   space 1536K, 0% used [0x00000000d5f00000,0x00000000d5f00000,0x00000000d6080000)
 ParOldGen       total 128000K, used 127326K [0x0000000080000000, 0x0000000087d00000, 0x00000000d5580000)
  object space 128000K, 99% used [0x0000000080000000,0x0000000087c57bd8,0x0000000087d00000)
 Metaspace       used 69366K, committed 70976K, reserved 1114112K
  class space    used 7424K, committed 8128K, reserved 1048576K
}
Event: 16.450 GC heap after
{Heap after GC invocations=185 (full 3):
 PSYoungGen      total 8704K, used 288K [0x00000000d5580000, 0x00000000d5f80000, 0x0000000100000000)
  eden space 8192K, 0% used [0x00000000d5580000,0x00000000d5580000,0x00000000d5d80000)
  from space 512K, 56% used [0x00000000d5f00000,0x00000000d5f48000,0x00000000d5f80000)
  to   space 512K, 0% used [0x00000000d5e80000,0x00000000d5e80000,0x00000000d5f00000)
 ParOldGen       total 128000K, used 127795K [0x0000000080000000, 0x0000000087d00000, 0x00000000d5580000)
  object space 128000K, 99% used [0x0000000080000000,0x0000000087cccd70,0x0000000087d00000)
 Metaspace       used 69366K, committed 70976K, reserved 1114112K
  class space    used 7424K, committed 8128K, reserved 1048576K
}
Event: 18.694 GC heap before
{Heap before GC invocations=186 (full 3):
 PSYoungGen      total 8704K, used 8480K [0x00000000d5580000, 0x00000000d5f80000, 0x0000000100000000)
  eden space 8192K, 100% used [0x00000000d5580000,0x00000000d5d80000,0x00000000d5d80000)
  from space 512K, 56% used [0x00000000d5f00000,0x00000000d5f48000,0x00000000d5f80000)
  to   space 512K, 0% used [0x00000000d5e80000,0x00000000d5e80000,0x00000000d5f00000)
 ParOldGen       total 128000K, used 127795K [0x0000000080000000, 0x0000000087d00000, 0x00000000d5580000)
  object space 128000K, 99% used [0x0000000080000000,0x0000000087cccd70,0x0000000087d00000)
 Metaspace       used 69581K, committed 71296K, reserved 1114112K
  class space    used 7436K, committed 8192K, reserved 1048576K
}

