# JRE version: OpenJDK Runtime Environment Temurin-21.0.11+10 (21.0.11+10) (build 21.0.11+10-LTS)
# Java VM: OpenJDK 64-Bit Server VM Temurin-21.0.11+10 (21.0.11+10-LTS, mixed mode, sharing, tiered, compressed oops, compressed class ptrs, parallel gc, windows-amd64)
GC Precious Log:
 CardTable entry size: 512
 CPUs: 12 total, 12 available
 Memory: 15573M
 Large Page Support: Disabled
 NUMA Support: Disabled
 Compressed Oops: Enabled (32-bit)
 Alignments: Space 512K, Generation 512K, Heap 2M
 Heap Min Capacity: 100M
 Heap Initial Capacity: 100M
 Heap Max Capacity: 2G
 Pre-touch: Disabled
 Parallel Workers: 10
Heap:
 PSYoungGen      total 15360K, used 3357K [0x00000000d5580000, 0x00000000d6680000, 0x0000000100000000)
  eden space 14848K, 19% used [0x00000000d5580000,0x00000000d584f4b0,0x00000000d6400000)
  from space 512K, 93% used [0x00000000d6600000,0x00000000d6678138,0x00000000d6680000)
  to   space 1024K, 0% used [0x00000000d6480000,0x00000000d6480000,0x00000000d6580000)
 ParOldGen       total 68608K, used 53925K [0x0000000080000000, 0x0000000084300000, 0x00000000d5580000)
  object space 68608K, 78% used [0x0000000080000000,0x00000000834a9618,0x0000000084300000)
 Metaspace       used 57233K, committed 58688K, reserved 1114112K
  class space    used 6195K, committed 6848K, reserved 1048576K
GC Heap History (20 events):
Event: 20.684 GC heap before
{Heap before GC invocations=33 (full 2):
 PSYoungGen      total 15360K, used 15360K [0x00000000d5580000, 0x00000000d6b00000, 0x0000000100000000)
  eden space 14848K, 100% used [0x00000000d5580000,0x00000000d6400000,0x00000000d6400000)
  from space 512K, 100% used [0x00000000d6980000,0x00000000d6a00000,0x00000000d6a00000)
  to   space 3584K, 0% used [0x00000000d6400000,0x00000000d6400000,0x00000000d6780000)
 ParOldGen       total 68608K, used 46789K [0x0000000080000000, 0x0000000084300000, 0x00000000d5580000)
  object space 68608K, 68% used [0x0000000080000000,0x0000000082db15c0,0x0000000084300000)
 Metaspace       used 49083K, committed 50560K, reserved 1114112K
  class space    used 5378K, committed 6016K, reserved 1048576K
}
Event: 20.685 GC heap after
{Heap after GC invocations=33 (full 2):
 PSYoungGen      total 18432K, used 1280K [0x00000000d5580000, 0x00000000d6a00000, 0x0000000100000000)
  eden space 14848K, 0% used [0x00000000d5580000,0x00000000d5580000,0x00000000d6400000)
  from space 3584K, 35% used [0x00000000d6400000,0x00000000d6540000,0x00000000d6780000)
  to   space 2048K, 0% used [0x00000000d6800000,0x00000000d6800000,0x00000000d6a00000)
 ParOldGen       total 68608K, used 47357K [0x0000000080000000, 0x0000000084300000, 0x00000000d5580000)
  object space 68608K, 69% used [0x0000000080000000,0x0000000082e3f5c0,0x0000000084300000)
 Metaspace       used 49083K, committed 50560K, reserved 1114112K
  class space    used 5378K, committed 6016K, reserved 1048576K
}
Event: 20.713 GC heap before
{Heap before GC invocations=34 (full 2):
 PSYoungGen      total 18432K, used 16128K [0x00000000d5580000, 0x00000000d6a00000, 0x0000000100000000)
  eden space 14848K, 100% used [0x00000000d5580000,0x00000000d6400000,0x00000000d6400000)
  from space 3584K, 35% used [0x00000000d6400000,0x00000000d6540000,0x00000000d6780000)
  to   space 2048K, 0% used [0x00000000d6800000,0x00000000d6800000,0x00000000d6a00000)
 ParOldGen       total 68608K, used 47357K [0x0000000080000000, 0x0000000084300000, 0x00000000d5580000)
  object space 68608K, 69% used [0x0000000080000000,0x0000000082e3f5c0,0x0000000084300000)
 Metaspace       used 49090K, committed 50560K, reserved 1114112K
  class space    used 5378K, committed 6016K, reserved 1048576K
}
Event: 20.715 GC heap after
{Heap after GC invocations=34 (full 2):
 PSYoungGen      total 16384K, used 1336K [0x00000000d5580000, 0x00000000d6980000, 0x0000000100000000)
  eden space 14848K, 0% used [0x00000000d5580000,0x00000000d5580000,0x00000000d6400000)
  from space 1536K, 87% used [0x00000000d6800000,0x00000000d694e200,0x00000000d6980000)
  to   space 1536K, 0% used [0x00000000d6680000,0x00000000d6680000,0x00000000d6800000)
 ParOldGen       total 68608K, used 48549K [0x0000000080000000, 0x0000000084300000, 0x00000000d5580000)
  object space 68608K, 70% used [0x0000000080000000,0x0000000082f695c0,0x0000000084300000)
 Metaspace       used 49090K, committed 50560K, reserved 1114112K
  class space    used 5378K, committed 6016K, reserved 1048576K
}
Event: 20.804 GC heap before
{Heap before GC invocations=35 (full 2):
 PSYoungGen      total 16384K, used 16184K [0x00000000d5580000, 0x00000000d6980000, 0x0000000100000000)
  eden space 14848K, 100% used [0x00000000d5580000,0x00000000d6400000,0x00000000d6400000)
  from space 1536K, 87% used [0x00000000d6800000,0x00000000d694e200,0x00000000d6980000)
  to   space 1536K, 0% used [0x00000000d6680000,0x00000000d6680000,0x00000000d6800000)
 ParOldGen       total 68608K, used 48549K [0x0000000080000000, 0x0000000084300000, 0x00000000d5580000)
  object space 68608K, 70% used [0x0000000080000000,0x0000000082f695c0,0x0000000084300000)
 Metaspace       used 49789K, committed 51200K, reserved 1114112K
  class space    used 5470K, committed 6080K, reserved 1048576K
}
Event: 20.806 GC heap after
{Heap after GC invocations=35 (full 2):
 PSYoungGen      total 16384K, used 1088K [0x00000000d5580000, 0x00000000d6880000, 0x0000000100000000)
  eden space 14848K, 0% used [0x00000000d5580000,0x00000000d5580000,0x00000000d6400000)
  from space 1536K, 70% used [0x00000000d6680000,0x00000000d6790000,0x00000000d6800000)
  to   space 512K, 0% used [0x00000000d6800000,0x00000000d6800000,0x00000000d6880000)
 ParOldGen       total 68608K, used 49813K [0x0000000080000000, 0x0000000084300000, 0x00000000d5580000)
  object space 68608K, 72% used [0x0000000080000000,0x00000000830a57c0,0x0000000084300000)
 Metaspace       used 49789K, committed 51200K, reserved 1114112K
  class space    used 5470K, committed 6080K, reserved 1048576K
}
Event: 21.045 GC heap before
{Heap before GC invocations=36 (full 2):
 PSYoungGen      total 16384K, used 15936K [0x00000000d5580000, 0x00000000d6880000, 0x0000000100000000)
  eden space 14848K, 100% used [0x00000000d5580000,0x00000000d6400000,0x00000000d6400000)
  from space 1536K, 70% used [0x00000000d6680000,0x00000000d6790000,0x00000000d6800000)
  to   space 512K, 0% used [0x00000000d6800000,0x00000000d6800000,0x00000000d6880000)
 ParOldGen       total 68608K, used 49813K [0x0000000080000000, 0x0000000084300000, 0x00000000d5580000)
  object space 68608K, 72% used [0x0000000080000000,0x00000000830a57c0,0x0000000084300000)
 Metaspace       used 51019K, committed 52416K, reserved 1114112K
  class space    used 5647K, committed 6272K, reserved 1048576K
}
Event: 21.047 GC heap after
{Heap after GC invocations=36 (full 2):
 PSYoungGen      total 15360K, used 504K [0x00000000d5580000, 0x00000000d6880000, 0x0000000100000000)
  eden space 14848K, 0% used [0x00000000d5580000,0x00000000d5580000,0x00000000d6400000)
  from space 512K, 98% used [0x00000000d6800000,0x00000000d687e350,0x00000000d6880000)
  to   space 1536K, 0% used [0x00000000d6580000,0x00000000d6580000,0x00000000d6700000)
 ParOldGen       total 68608K, used 50707K [0x0000000080000000, 0x0000000084300000, 0x00000000d5580000)
  object space 68608K, 73% used [0x0000000080000000,0x0000000083184d60,0x0000000084300000)
 Metaspace       used 51019K, committed 52416K, reserved 1114112K
  class space    used 5647K, committed 6272K, reserved 1048576K
}
Event: 21.329 GC heap before
{Heap before GC invocations=37 (full 2):
 PSYoungGen      total 15360K, used 15352K [0x00000000d5580000, 0x00000000d6880000, 0x0000000100000000)
  eden space 14848K, 100% used [0x00000000d5580000,0x00000000d6400000,0x00000000d6400000)
  from space 512K, 98% used [0x00000000d6800000,0x00000000d687e350,0x00000000d6880000)
  to   space 1536K, 0% used [0x00000000d6580000,0x00000000d6580000,0x00000000d6700000)
 ParOldGen       total 68608K, used 50707K [0x0000000080000000, 0x0000000084300000, 0x00000000d5580000)
  object space 68608K, 73% used [0x0000000080000000,0x0000000083184d60,0x0000000084300000)
 Metaspace       used 51803K, committed 53184K, reserved 1114112K
  class space    used 5725K, committed 6336K, reserved 1048576K
}
Event: 21.330 GC heap after
{Heap after GC invocations=37 (full 2):
 PSYoungGen      total 16384K, used 416K [0x00000000d5580000, 0x00000000d6880000, 0x0000000100000000)
  eden space 14848K, 0% used [0x00000000d5580000,0x00000000d5580000,0x00000000d6400000)
  from space 1536K, 27% used [0x00000000d6580000,0x00000000d65e8000,0x00000000d6700000)
  to   space 1024K, 0% used [0x00000000d6780000,0x00000000d6780000,0x00000000d6880000)
 ParOldGen       total 68608K, used 51142K [0x0000000080000000, 0x0000000084300000, 0x00000000d5580000)
  object space 68608K, 74% used [0x0000000080000000,0x00000000831f1a88,0x0000000084300000)
 Metaspace       used 51803K, committed 53184K, reserved 1114112K
  class space    used 5725K, committed 6336K, reserved 1048576K
}
Event: 21.511 GC heap before
{Heap before GC invocations=38 (full 2):
 PSYoungGen      total 16384K, used 15264K [0x00000000d5580000, 0x00000000d6880000, 0x0000000100000000)
  eden space 14848K, 100% used [0x00000000d5580000,0x00000000d6400000,0x00000000d6400000)
  from space 1536K, 27% used [0x00000000d6580000,0x00000000d65e8000,0x00000000d6700000)
  to   space 1024K, 0% used [0x00000000d6780000,0x00000000d6780000,0x00000000d6880000)
 ParOldGen       total 68608K, used 51142K [0x0000000080000000, 0x0000000084300000, 0x00000000d5580000)
  object space 68608K, 74% used [0x0000000080000000,0x00000000831f1a88,0x0000000084300000)
 Metaspace       used 53000K, committed 54464K, reserved 1114112K
  class space    used 5804K, committed 6464K, reserved 1048576K
}
Event: 21.513 GC heap after
{Heap after GC invocations=38 (full 2):
 PSYoungGen      total 15872K, used 1011K [0x00000000d5580000, 0x00000000d6900000, 0x0000000100000000)
  eden space 14848K, 0% used [0x00000000d5580000,0x00000000d5580000,0x00000000d6400000)
  from space 1024K, 98% used [0x00000000d6780000,0x00000000d687cc90,0x00000000d6880000)
  to   space 2560K, 0% used [0x00000000d6400000,0x00000000d6400000,0x00000000d6680000)
 ParOldGen       total 68608K, used 51957K [0x0000000080000000, 0x0000000084300000, 0x00000000d5580000)
  object space 68608K, 75% used [0x0000000080000000,0x00000000832bd5b0,0x0000000084300000)
 Metaspace       used 53000K, committed 54464K, reserved 1114112K
  class space    used 5804K, committed 6464K, reserved 1048576K
}
Event: 21.562 GC heap before
{Heap before GC invocations=39 (full 2):
 PSYoungGen      total 15872K, used 15822K [0x00000000d5580000, 0x00000000d6900000, 0x0000000100000000)
  eden space 14848K, 99% used [0x00000000d5580000,0x00000000d63f6d98,0x00000000d6400000)
  from space 1024K, 98% used [0x00000000d6780000,0x00000000d687cc90,0x00000000d6880000)
  to   space 2560K, 0% used [0x00000000d6400000,0x00000000d6400000,0x00000000d6680000)
 ParOldGen       total 68608K, used 51957K [0x0000000080000000, 0x0000000084300000, 0x00000000d5580000)
  object space 68608K, 75% used [0x0000000080000000,0x00000000832bd5b0,0x0000000084300000)
 Metaspace       used 53015K, committed 54464K, reserved 1114112K
  class space    used 5804K, committed 6464K, reserved 1048576K
}
Event: 21.564 GC heap after
{Heap after GC invocations=39 (full 2):
 PSYoungGen      total 16384K, used 1421K [0x00000000d5580000, 0x00000000d6800000, 0x0000000100000000)
  eden space 14848K, 0% used [0x00000000d5580000,0x00000000d5580000,0x00000000d6400000)
  from space 1536K, 92% used [0x00000000d6400000,0x00000000d6563680,0x00000000d6580000)
  to   space 2048K, 0% used [0x00000000d6600000,0x00000000d6600000,0x00000000d6800000)
 ParOldGen       total 68608K, used 53253K [0x0000000080000000, 0x0000000084300000, 0x00000000d5580000)
  object space 68608K, 77% used [0x0000000080000000,0x0000000083401490,0x0000000084300000)
 Metaspace       used 53015K, committed 54464K, reserved 1114112K
  class space    used 5804K, committed 6464K, reserved 1048576K
}
Event: 21.590 GC heap before
{Heap before GC invocations=40 (full 2):
 PSYoungGen      total 16384K, used 16269K [0x00000000d5580000, 0x00000000d6800000, 0x0000000100000000)
  eden space 14848K, 100% used [0x00000000d5580000,0x00000000d6400000,0x00000000d6400000)
  from space 1536K, 92% used [0x00000000d6400000,0x00000000d6563680,0x00000000d6580000)
  to   space 2048K, 0% used [0x00000000d6600000,0x00000000d6600000,0x00000000d6800000)
 ParOldGen       total 68608K, used 53253K [0x0000000080000000, 0x0000000084300000, 0x00000000d5580000)
  object space 68608K, 77% used [0x0000000080000000,0x0000000083401490,0x0000000084300000)
 Metaspace       used 53019K, committed 54464K, reserved 1114112K
  class space    used 5804K, committed 6464K, reserved 1048576K
}
Event: 21.591 GC heap after
{Heap after GC invocations=40 (full 2):
 PSYoungGen      total 15872K, used 535K [0x00000000d5580000, 0x00000000d6700000, 0x0000000100000000)
  eden space 14848K, 0% used [0x00000000d5580000,0x00000000d5580000,0x00000000d6400000)
  from space 1024K, 52% used [0x00000000d6600000,0x00000000d6685df0,0x00000000d6700000)
  to   space 1024K, 0% used [0x00000000d6500000,0x00000000d6500000,0x00000000d6600000)
 ParOldGen       total 68608K, used 53502K [0x0000000080000000, 0x0000000084300000, 0x00000000d5580000)
  object space 68608K, 77% used [0x0000000080000000,0x000000008343fb28,0x0000000084300000)
 Metaspace       used 53019K, committed 54464K, reserved 1114112K
  class space    used 5804K, committed 6464K, reserved 1048576K
}
Event: 21.895 GC heap before
{Heap before GC invocations=41 (full 2):
 PSYoungGen      total 15872K, used 15383K [0x00000000d5580000, 0x00000000d6700000, 0x0000000100000000)
  eden space 14848K, 100% used [0x00000000d5580000,0x00000000d6400000,0x00000000d6400000)
  from space 1024K, 52% used [0x00000000d6600000,0x00000000d6685df0,0x00000000d6700000)
  to   space 1024K, 0% used [0x00000000d6500000,0x00000000d6500000,0x00000000d6600000)
 ParOldGen       total 68608K, used 53502K [0x0000000080000000, 0x0000000084300000, 0x00000000d5580000)
  object space 68608K, 77% used [0x0000000080000000,0x000000008343fb28,0x0000000084300000)
 Metaspace       used 55353K, committed 56768K, reserved 1114112K
  class space    used 6035K, committed 6656K, reserved 1048576K
}
Event: 21.896 GC heap after
{Heap after GC invocations=41 (full 2):
 PSYoungGen      total 15872K, used 608K [0x00000000d5580000, 0x00000000d6680000, 0x0000000100000000)
  eden space 14848K, 0% used [0x00000000d5580000,0x00000000d5580000,0x00000000d6400000)
  from space 1024K, 59% used [0x00000000d6500000,0x00000000d6598000,0x00000000d6600000)
  to   space 512K, 0% used [0x00000000d6600000,0x00000000d6600000,0x00000000d6680000)
 ParOldGen       total 68608K, used 53510K [0x0000000080000000, 0x0000000084300000, 0x00000000d5580000)
  object space 68608K, 77% used [0x0000000080000000,0x0000000083441b28,0x0000000084300000)
 Metaspace       used 55353K, committed 56768K, reserved 1114112K
  class space    used 6035K, committed 6656K, reserved 1048576K
}
Event: 23.062 GC heap before
{Heap before GC invocations=42 (full 2):
 PSYoungGen      total 15872K, used 15456K [0x00000000d5580000, 0x00000000d6680000, 0x0000000100000000)
  eden space 14848K, 100% used [0x00000000d5580000,0x00000000d6400000,0x00000000d6400000)
  from space 1024K, 59% used [0x00000000d6500000,0x00000000d6598000,0x00000000d6600000)
  to   space 512K, 0% used [0x00000000d6600000,0x00000000d6600000,0x00000000d6680000)
 ParOldGen       total 68608K, used 53510K [0x0000000080000000, 0x0000000084300000, 0x00000000d5580000)
  object space 68608K, 77% used [0x0000000080000000,0x0000000083441b28,0x0000000084300000)
 Metaspace       used 56833K, committed 58304K, reserved 1114112K
  class space    used 6164K, committed 6784K, reserved 1048576K
}
Event: 23.065 GC heap after
{Heap after GC invocations=42 (full 2):
 PSYoungGen      total 15360K, used 480K [0x00000000d5580000, 0x00000000d6680000, 0x0000000100000000)
  eden space 14848K, 0% used [0x00000000d5580000,0x00000000d5580000,0x00000000d6400000)
  from space 512K, 93% used [0x00000000d6600000,0x00000000d6678138,0x00000000d6680000)
  to   space 1024K, 0% used [0x00000000d6480000,0x00000000d6480000,0x00000000d6580000)
 ParOldGen       total 68608K, used 53925K [0x0000000080000000, 0x0000000084300000, 0x00000000d5580000)
  object space 68608K, 78% used [0x0000000080000000,0x00000000834a9618,0x0000000084300000)
 Metaspace       used 56833K, committed 58304K, reserved 1114112K
  class space    used 6164K, committed 6784K, reserved 1048576K
}

